/home/mahan/shared/.conda/envs/kg/lib/python3.7/site-packages/transformers/training_args.py:339: FutureWarning: The `evaluate_during_training` argument is deprecated in favor of `evaluation_strategy` (which has more options)
  FutureWarning,
/home/mahan/shared/.conda/envs/kg/lib/python3.7/site-packages/torch/cuda/__init__.py:104: UserWarning: 
GeForce RTX 3070 with CUDA capability sm_86 is not compatible with the current PyTorch installation.
The current PyTorch install supports CUDA capabilities sm_37 sm_50 sm_60 sm_61 sm_70 sm_75 compute_37.
If you want to use the GeForce RTX 3070 GPU with PyTorch, please check the instructions at https://pytorch.org/get-started/locally/

  warnings.warn(incompatible_device_warn.format(device_name, capability, " ".join(arch_list), device_name))
04/17/2021 14:31:47 - WARNING - __main__ -   Process rank: -1, device: cuda:0, n_gpu: 1, distributed training: False, 16-bits training: False
04/17/2021 14:31:47 - INFO - __main__ -   Training/evaluation parameters DynamicTrainingArguments(output_dir='result/tmp', overwrite_output_dir=True, do_train=True, do_eval=True, do_predict=True, evaluate_during_training=True, evaluation_strategy=<EvaluationStrategy.STEPS: 'steps'>, prediction_loss_only=False, per_device_train_batch_size=2, per_device_eval_batch_size=8, per_gpu_train_batch_size=None, per_gpu_eval_batch_size=None, gradient_accumulation_steps=1, eval_accumulation_steps=None, learning_rate=1e-05, weight_decay=0.0, adam_beta1=0.9, adam_beta2=0.999, adam_epsilon=1e-08, max_grad_norm=1.0, num_train_epochs=0.0, max_steps=1000, warmup_steps=0, logging_dir='runs/Apr17_14-31-47_tatooine', logging_first_step=False, logging_steps=500, save_steps=500, save_total_limit=None, no_cuda=False, seed=42, fp16=False, fp16_opt_level='O1', local_rank=-1, tpu_num_cores=None, tpu_metrics_debug=False, debug=False, dataloader_drop_last=False, eval_steps=100, dataloader_num_workers=0, past_index=-1, run_name='result/tmp', disable_tqdm=False, remove_unused_columns=True, label_names=None, load_best_model_at_end=False, metric_for_best_model=None, greater_is_better=None, array_id=-1, model_id=-1, save_logit=False, save_logit_dir=None, fix_layers=0, save_at_last=False, no_train=False, no_predict=False)
04/17/2021 14:31:47 - INFO - __main__ -   Task name: sst-2, number of labels: 2, output mode: classification
04/17/2021 14:31:47 - INFO - __main__ -   Automatically convert the template to using demonstrations.
04/17/2021 14:31:47 - INFO - __main__ -   | *cls**sent_0*_It_was*mask*.*sep+* => *cls**sent_0*_It_was*mask*.*sep+**sent_1*_It_was*label_0*.*sep+**sent_2*_It_was*label_1*.*sep+*
04/17/2021 14:31:51 - INFO - src.dataset -   Use demonstrations
04/17/2021 14:31:51 - INFO - src.dataset -   Label 0 to word Ä terrible (6587)
04/17/2021 14:31:51 - INFO - src.dataset -   Label 1 to word Ä great (372)
04/17/2021 14:31:51 - INFO - src.dataset -   Total num_sample for mode train: 1
04/17/2021 14:31:51 - INFO - src.dataset -   Creating/loading examples from dataset file at data/k-shot/SST-2/16-42
04/17/2021 14:31:51 - INFO - filelock -   Lock 139896993058640 acquired on data/k-shot/SST-2/16-42/cached_train_RobertaTokenizer_128_sst-2.lock
04/17/2021 14:31:51 - INFO - src.dataset -   Loading features from cached file data/k-shot/SST-2/16-42/cached_train_RobertaTokenizer_128_sst-2 [took 0.002 s]
04/17/2021 14:31:51 - INFO - filelock -   Lock 139896993058640 released on data/k-shot/SST-2/16-42/cached_train_RobertaTokenizer_128_sst-2.lock
04/17/2021 14:31:51 - INFO - src.dataset -   Use demonstrations
04/17/2021 14:31:51 - INFO - src.dataset -   Label 0 to word Ä terrible (6587)
04/17/2021 14:31:51 - INFO - src.dataset -   Label 1 to word Ä great (372)
04/17/2021 14:31:51 - INFO - src.dataset -   Total num_sample for mode dev: 16
04/17/2021 14:31:51 - INFO - src.dataset -   Creating/loading examples from dataset file at data/k-shot/SST-2/16-42
04/17/2021 14:31:51 - INFO - filelock -   Lock 139896993057488 acquired on data/k-shot/SST-2/16-42/cached_dev_RobertaTokenizer_128_sst-2.lock
04/17/2021 14:31:51 - INFO - src.dataset -   Loading features from cached file data/k-shot/SST-2/16-42/cached_dev_RobertaTokenizer_128_sst-2 [took 0.003 s]
04/17/2021 14:31:51 - INFO - filelock -   Lock 139896993057488 released on data/k-shot/SST-2/16-42/cached_dev_RobertaTokenizer_128_sst-2.lock
04/17/2021 14:31:51 - INFO - src.dataset -   *** Example ***
04/17/2021 14:31:51 - INFO - src.dataset -   guid: dev-1
04/17/2021 14:31:51 - INFO - src.dataset -   features: OurInputFeatures(input_ids=[0, 16918, 10, 17824, 25169, 478, 12, 463, 12, 17745, 6789, 2156, 47, 6056, 295, 75, 244, 1985, 154, 14, 24, 21, 29996, 15, 10, 183, 12, 560, 12, 1208, 1453, 148, 931, 479, 85, 21, 50264, 4, 2, 9502, 12, 36588, 41906, 475, 2420, 857, 16, 393, 441, 7, 2999, 24, 124, 15, 768, 479, 85, 21, 6587, 4, 2, 9226, 10195, 39433, 29993, 9, 10, 14481, 1516, 5, 633, 626, 479, 85, 21, 372, 4, 2, 1, 1, 1, 1, 1, 1, 1, 1, 1, 1, 1, 1, 1, 1, 1, 1, 1, 1, 1, 1, 1, 1, 1, 1, 1, 1, 1, 1, 1, 1, 1, 1, 1, 1, 1, 1, 1, 1, 1, 1, 1, 1, 1, 1, 1, 1, 1, 1, 1, 1], attention_mask=[1, 1, 1, 1, 1, 1, 1, 1, 1, 1, 1, 1, 1, 1, 1, 1, 1, 1, 1, 1, 1, 1, 1, 1, 1, 1, 1, 1, 1, 1, 1, 1, 1, 1, 1, 1, 1, 1, 1, 1, 1, 1, 1, 1, 1, 1, 1, 1, 1, 1, 1, 1, 1, 1, 1, 1, 1, 1, 1, 1, 1, 1, 1, 1, 1, 1, 1, 1, 1, 1, 1, 1, 1, 1, 1, 1, 1, 1, 0, 0, 0, 0, 0, 0, 0, 0, 0, 0, 0, 0, 0, 0, 0, 0, 0, 0, 0, 0, 0, 0, 0, 0, 0, 0, 0, 0, 0, 0, 0, 0, 0, 0, 0, 0, 0, 0, 0, 0, 0, 0, 0, 0, 0, 0, 0, 0, 0, 0], token_type_ids=None, label=0, mask_pos=[36], label_word_list=None)
04/17/2021 14:31:51 - INFO - src.dataset -   text: <s>such a wildly uneven hit-and-miss enterprise, you can't help suspecting that it was improvised on a day-to-day basis during production. It was<mask>.</s>first-timer john mckay is never able to pull it back on course. It was terrible.</s>this seductive tease of a thriller gets the job done. It was great.</s><pad><pad><pad><pad><pad><pad><pad><pad><pad><pad><pad><pad><pad><pad><pad><pad><pad><pad><pad><pad><pad><pad><pad><pad><pad><pad><pad><pad><pad><pad><pad><pad><pad><pad><pad><pad><pad><pad><pad><pad><pad><pad><pad><pad><pad><pad><pad><pad><pad><pad>
04/17/2021 14:31:51 - INFO - src.dataset -   Use demonstrations
04/17/2021 14:31:51 - INFO - src.dataset -   Label 0 to word Ä terrible (6587)
04/17/2021 14:31:51 - INFO - src.dataset -   Label 1 to word Ä great (372)
04/17/2021 14:31:51 - INFO - src.dataset -   Total num_sample for mode test: 16
04/17/2021 14:31:51 - INFO - src.dataset -   Creating/loading examples from dataset file at data/k-shot/SST-2/16-42
04/17/2021 14:31:51 - INFO - filelock -   Lock 139896981795920 acquired on data/k-shot/SST-2/16-42/cached_test_RobertaTokenizer_128_sst-2.lock
04/17/2021 14:31:51 - INFO - src.dataset -   Loading features from cached file data/k-shot/SST-2/16-42/cached_test_RobertaTokenizer_128_sst-2 [took 0.005 s]
04/17/2021 14:31:51 - INFO - filelock -   Lock 139896981795920 released on data/k-shot/SST-2/16-42/cached_test_RobertaTokenizer_128_sst-2.lock
04/17/2021 14:31:52 - INFO - src.dataset -   *** Example ***
04/17/2021 14:31:52 - INFO - src.dataset -   guid: test-1
04/17/2021 14:31:52 - INFO - src.dataset -   features: OurInputFeatures(input_ids=[0, 1264, 251, 6755, 9, 3741, 636, 5065, 479, 85, 21, 50264, 4, 2, 405, 95, 222, 295, 75, 1266, 203, 7, 162, 8, 702, 350, 30957, 7, 655, 120, 10, 946, 15, 36, 368, 28, 23979, 30, 43, 479, 85, 21, 6587, 4, 2, 700, 817, 47, 4883, 14, 1844, 1025, 43626, 64, 28, 303, 10, 1828, 4002, 479, 85, 21, 372, 4, 2, 1, 1, 1, 1, 1, 1, 1, 1, 1, 1, 1, 1, 1, 1, 1, 1, 1, 1, 1, 1, 1, 1, 1, 1, 1, 1, 1, 1, 1, 1, 1, 1, 1, 1, 1, 1, 1, 1, 1, 1, 1, 1, 1, 1, 1, 1, 1, 1, 1, 1, 1, 1, 1, 1, 1, 1, 1, 1, 1, 1, 1, 1, 1], attention_mask=[1, 1, 1, 1, 1, 1, 1, 1, 1, 1, 1, 1, 1, 1, 1, 1, 1, 1, 1, 1, 1, 1, 1, 1, 1, 1, 1, 1, 1, 1, 1, 1, 1, 1, 1, 1, 1, 1, 1, 1, 1, 1, 1, 1, 1, 1, 1, 1, 1, 1, 1, 1, 1, 1, 1, 1, 1, 1, 1, 1, 1, 1, 1, 1, 1, 0, 0, 0, 0, 0, 0, 0, 0, 0, 0, 0, 0, 0, 0, 0, 0, 0, 0, 0, 0, 0, 0, 0, 0, 0, 0, 0, 0, 0, 0, 0, 0, 0, 0, 0, 0, 0, 0, 0, 0, 0, 0, 0, 0, 0, 0, 0, 0, 0, 0, 0, 0, 0, 0, 0, 0, 0, 0, 0, 0, 0, 0, 0], token_type_ids=None, label=0, mask_pos=[11], label_word_list=None)
04/17/2021 14:31:52 - INFO - src.dataset -   text: <s>one long string of cliches. It was<mask>.</s>it just didn't mean much to me and played too skewed to ever get a hold on (or be entertained by). It was terrible.</s>he makes you realize that deep inside righteousness can be found a tough beauty. It was great.</s><pad><pad><pad><pad><pad><pad><pad><pad><pad><pad><pad><pad><pad><pad><pad><pad><pad><pad><pad><pad><pad><pad><pad><pad><pad><pad><pad><pad><pad><pad><pad><pad><pad><pad><pad><pad><pad><pad><pad><pad><pad><pad><pad><pad><pad><pad><pad><pad><pad><pad><pad><pad><pad><pad><pad><pad><pad><pad><pad><pad><pad><pad><pad>
Some weights of RobertaForPromptFinetuning were not initialized from the model checkpoint at roberta-large and are newly initialized: ['classifier.dense.weight', 'classifier.dense.bias', 'classifier.out_proj.weight', 'classifier.out_proj.bias', 'lm_head.decoder.bias']
You should probably TRAIN this model on a down-stream task to be able to use it for predictions and inference.
04/17/2021 14:54:28 - INFO - src.trainer -   ***** Running training *****
04/17/2021 14:54:28 - INFO - src.trainer -     Num examples = 32
04/17/2021 14:54:28 - INFO - src.trainer -     Num Epochs = 63
04/17/2021 14:54:28 - INFO - src.trainer -     Instantaneous batch size per device = 2
04/17/2021 14:54:28 - INFO - src.trainer -     Total train batch size (w. parallel, distributed & accumulation) = 2
04/17/2021 14:54:28 - INFO - src.trainer -     Gradient Accumulation steps = 1
04/17/2021 14:54:28 - INFO - src.trainer -     Total optimization steps = 1000
/home/mahan/shared/.conda/envs/kg/lib/python3.7/site-packages/transformers/trainer.py:1096: FutureWarning: This method is deprecated, use `Trainer.is_local_process_zero()` instead.
  warnings.warn("This method is deprecated, use `Trainer.is_local_process_zero()` instead.", FutureWarning)

Epoch:   0%|          | 0/63 [00:00<?, ?it/s]
Epoch:   2%|â–         | 1/63 [01:27<1:30:15, 87.35s/it]
Epoch:   3%|â–Ž         | 2/63 [01:33<1:04:08, 63.09s/it]
Epoch:   5%|â–         | 3/63 [01:40<46:05, 46.10s/it]  
Epoch:   6%|â–‹         | 4/63 [01:46<33:38, 34.20s/it]
Epoch:   8%|â–Š         | 5/63 [01:53<25:01, 25.89s/it]
Epoch:  10%|â–‰         | 6/63 [01:59<19:03, 20.07s/it]

  0%|          | 0/64 [00:00<?, ?it/s][A

  3%|â–Ž         | 2/64 [00:00<00:12,  5.15it/s][A

  5%|â–         | 3/64 [00:00<00:15,  3.96it/s][A

  6%|â–‹         | 4/64 [00:01<00:17,  3.41it/s][A

  8%|â–Š         | 5/64 [00:01<00:18,  3.11it/s][A

  9%|â–‰         | 6/64 [00:01<00:19,  2.92it/s][A

 11%|â–ˆ         | 7/64 [00:02<00:20,  2.81it/s][A

 12%|â–ˆâ–Ž        | 8/64 [00:02<00:20,  2.73it/s][A

 14%|â–ˆâ–        | 9/64 [00:03<00:20,  2.68it/s][A

 16%|â–ˆâ–Œ        | 10/64 [00:03<00:20,  2.65it/s][A

 17%|â–ˆâ–‹        | 11/64 [00:03<00:20,  2.63it/s][A

 19%|â–ˆâ–‰        | 12/64 [00:04<00:19,  2.61it/s][A

 20%|â–ˆâ–ˆ        | 13/64 [00:04<00:19,  2.60it/s][A

 22%|â–ˆâ–ˆâ–       | 14/64 [00:05<00:19,  2.59it/s][A

 23%|â–ˆâ–ˆâ–Ž       | 15/64 [00:05<00:18,  2.59it/s][A

 25%|â–ˆâ–ˆâ–Œ       | 16/64 [00:05<00:18,  2.58it/s][A

 27%|â–ˆâ–ˆâ–‹       | 17/64 [00:06<00:18,  2.58it/s][A

 28%|â–ˆâ–ˆâ–Š       | 18/64 [00:06<00:17,  2.58it/s][A

 30%|â–ˆâ–ˆâ–‰       | 19/64 [00:06<00:17,  2.58it/s][A

 31%|â–ˆâ–ˆâ–ˆâ–      | 20/64 [00:07<00:17,  2.58it/s][A

 33%|â–ˆâ–ˆâ–ˆâ–Ž      | 21/64 [00:07<00:16,  2.57it/s][A

 34%|â–ˆâ–ˆâ–ˆâ–      | 22/64 [00:08<00:16,  2.57it/s][A

 36%|â–ˆâ–ˆâ–ˆâ–Œ      | 23/64 [00:08<00:15,  2.57it/s][A

 38%|â–ˆâ–ˆâ–ˆâ–Š      | 24/64 [00:08<00:15,  2.57it/s][A

 39%|â–ˆâ–ˆâ–ˆâ–‰      | 25/64 [00:09<00:15,  2.57it/s][A

 41%|â–ˆâ–ˆâ–ˆâ–ˆ      | 26/64 [00:09<00:14,  2.57it/s][A

 42%|â–ˆâ–ˆâ–ˆâ–ˆâ–     | 27/64 [00:10<00:14,  2.57it/s][A

 44%|â–ˆâ–ˆâ–ˆâ–ˆâ–     | 28/64 [00:10<00:13,  2.57it/s][A

 45%|â–ˆâ–ˆâ–ˆâ–ˆâ–Œ     | 29/64 [00:10<00:13,  2.57it/s][A

 47%|â–ˆâ–ˆâ–ˆâ–ˆâ–‹     | 30/64 [00:11<00:13,  2.57it/s][A

 48%|â–ˆâ–ˆâ–ˆâ–ˆâ–Š     | 31/64 [00:11<00:12,  2.57it/s][A

 50%|â–ˆâ–ˆâ–ˆâ–ˆâ–ˆ     | 32/64 [00:12<00:12,  2.57it/s][A

 52%|â–ˆâ–ˆâ–ˆâ–ˆâ–ˆâ–    | 33/64 [00:12<00:12,  2.57it/s][A

 53%|â–ˆâ–ˆâ–ˆâ–ˆâ–ˆâ–Ž    | 34/64 [00:12<00:11,  2.57it/s][A

 55%|â–ˆâ–ˆâ–ˆâ–ˆâ–ˆâ–    | 35/64 [00:13<00:11,  2.57it/s][A

 56%|â–ˆâ–ˆâ–ˆâ–ˆâ–ˆâ–‹    | 36/64 [00:13<00:10,  2.57it/s][A

 58%|â–ˆâ–ˆâ–ˆâ–ˆâ–ˆâ–Š    | 37/64 [00:13<00:10,  2.57it/s][A

 59%|â–ˆâ–ˆâ–ˆâ–ˆâ–ˆâ–‰    | 38/64 [00:14<00:10,  2.56it/s][A

 61%|â–ˆâ–ˆâ–ˆâ–ˆâ–ˆâ–ˆ    | 39/64 [00:14<00:09,  2.56it/s][A

 62%|â–ˆâ–ˆâ–ˆâ–ˆâ–ˆâ–ˆâ–Ž   | 40/64 [00:15<00:09,  2.56it/s][A

 64%|â–ˆâ–ˆâ–ˆâ–ˆâ–ˆâ–ˆâ–   | 41/64 [00:15<00:08,  2.56it/s][A

 66%|â–ˆâ–ˆâ–ˆâ–ˆâ–ˆâ–ˆâ–Œ   | 42/64 [00:15<00:08,  2.56it/s][A

 67%|â–ˆâ–ˆâ–ˆâ–ˆâ–ˆâ–ˆâ–‹   | 43/64 [00:16<00:08,  2.56it/s][A

 69%|â–ˆâ–ˆâ–ˆâ–ˆâ–ˆâ–ˆâ–‰   | 44/64 [00:16<00:07,  2.56it/s][A

 70%|â–ˆâ–ˆâ–ˆâ–ˆâ–ˆâ–ˆâ–ˆ   | 45/64 [00:17<00:07,  2.56it/s][A

 72%|â–ˆâ–ˆâ–ˆâ–ˆâ–ˆâ–ˆâ–ˆâ–  | 46/64 [00:17<00:07,  2.56it/s][A

 73%|â–ˆâ–ˆâ–ˆâ–ˆâ–ˆâ–ˆâ–ˆâ–Ž  | 47/64 [00:17<00:06,  2.56it/s][A

 75%|â–ˆâ–ˆâ–ˆâ–ˆâ–ˆâ–ˆâ–ˆâ–Œ  | 48/64 [00:18<00:06,  2.56it/s][A

 77%|â–ˆâ–ˆâ–ˆâ–ˆâ–ˆâ–ˆâ–ˆâ–‹  | 49/64 [00:18<00:05,  2.55it/s][A

 78%|â–ˆâ–ˆâ–ˆâ–ˆâ–ˆâ–ˆâ–ˆâ–Š  | 50/64 [00:19<00:05,  2.55it/s][A

 80%|â–ˆâ–ˆâ–ˆâ–ˆâ–ˆâ–ˆâ–ˆâ–‰  | 51/64 [00:19<00:05,  2.55it/s][A

 81%|â–ˆâ–ˆâ–ˆâ–ˆâ–ˆâ–ˆâ–ˆâ–ˆâ– | 52/64 [00:19<00:04,  2.55it/s][A

 83%|â–ˆâ–ˆâ–ˆâ–ˆâ–ˆâ–ˆâ–ˆâ–ˆâ–Ž | 53/64 [00:20<00:04,  2.55it/s][A

 84%|â–ˆâ–ˆâ–ˆâ–ˆâ–ˆâ–ˆâ–ˆâ–ˆâ– | 54/64 [00:20<00:03,  2.55it/s][A

 86%|â–ˆâ–ˆâ–ˆâ–ˆâ–ˆâ–ˆâ–ˆâ–ˆâ–Œ | 55/64 [00:21<00:03,  2.55it/s][A

 88%|â–ˆâ–ˆâ–ˆâ–ˆâ–ˆâ–ˆâ–ˆâ–ˆâ–Š | 56/64 [00:21<00:03,  2.55it/s][A

 89%|â–ˆâ–ˆâ–ˆâ–ˆâ–ˆâ–ˆâ–ˆâ–ˆâ–‰ | 57/64 [00:21<00:02,  2.55it/s][A

 91%|â–ˆâ–ˆâ–ˆâ–ˆâ–ˆâ–ˆâ–ˆâ–ˆâ–ˆ | 58/64 [00:22<00:02,  2.55it/s][A

 92%|â–ˆâ–ˆâ–ˆâ–ˆâ–ˆâ–ˆâ–ˆâ–ˆâ–ˆâ–| 59/64 [00:22<00:01,  2.55it/s][A

 94%|â–ˆâ–ˆâ–ˆâ–ˆâ–ˆâ–ˆâ–ˆâ–ˆâ–ˆâ–| 60/64 [00:22<00:01,  2.55it/s][A

 95%|â–ˆâ–ˆâ–ˆâ–ˆâ–ˆâ–ˆâ–ˆâ–ˆâ–ˆâ–Œ| 61/64 [00:23<00:01,  2.55it/s][A

 97%|â–ˆâ–ˆâ–ˆâ–ˆâ–ˆâ–ˆâ–ˆâ–ˆâ–ˆâ–‹| 62/64 [00:23<00:00,  2.55it/s][A

 98%|â–ˆâ–ˆâ–ˆâ–ˆâ–ˆâ–ˆâ–ˆâ–ˆâ–ˆâ–Š| 63/64 [00:24<00:00,  2.55it/s][A

100%|â–ˆâ–ˆâ–ˆâ–ˆâ–ˆâ–ˆâ–ˆâ–ˆâ–ˆâ–ˆ| 64/64 [00:24<00:00,  2.55it/s][A04/17/2021 14:56:54 - INFO - src.trainer -   Best dev result: 0.96875

Epoch:  11%|â–ˆ         | 7/63 [02:46<26:21, 28.24s/it]
Epoch:  13%|â–ˆâ–Ž        | 8/63 [02:53<19:53, 21.71s/it]
Epoch:  14%|â–ˆâ–        | 9/63 [02:59<15:25, 17.14s/it]
Epoch:  16%|â–ˆâ–Œ        | 10/63 [03:06<12:18, 13.94s/it]
Epoch:  17%|â–ˆâ–‹        | 11/63 [03:12<10:08, 11.70s/it]
Epoch:  19%|â–ˆâ–‰        | 12/63 [03:19<08:36, 10.14s/it]

65it [01:21, 17.30s/it]                        [A

66it [01:21, 12.23s/it][A

67it [01:22,  8.67s/it][A

68it [01:22,  6.19s/it][A

69it [01:22,  4.45s/it][A

70it [01:23,  3.23s/it][A

71it [01:23,  2.38s/it][A

72it [01:24,  1.78s/it][A

73it [01:24,  1.36s/it][A

74it [01:24,  1.07s/it][A

75it [01:25,  1.15it/s][A

76it [01:25,  1.38it/s][A

77it [01:25,  1.61it/s][A

78it [01:26,  1.81it/s][A

79it [01:26,  1.99it/s][A

80it [01:27,  2.13it/s][A

81it [01:27,  2.25it/s][A

82it [01:27,  2.34it/s][A

83it [01:28,  2.40it/s][A

84it [01:28,  2.45it/s][A

85it [01:29,  2.49it/s][A

86it [01:29,  2.51it/s][A

87it [01:29,  2.53it/s][A

88it [01:30,  2.54it/s][A

89it [01:30,  2.55it/s][A

90it [01:31,  2.56it/s][A

91it [01:31,  2.56it/s][A

92it [01:31,  2.57it/s][A

93it [01:32,  2.57it/s][A

94it [01:32,  2.56it/s][A

95it [01:32,  2.56it/s][A

96it [01:33,  2.56it/s][A

97it [01:33,  2.56it/s][A

98it [01:34,  2.56it/s][A

99it [01:34,  2.56it/s][A

100it [01:34,  2.56it/s][A

101it [01:35,  2.56it/s][A

102it [01:35,  2.56it/s][A

103it [01:36,  2.56it/s][A

104it [01:36,  2.56it/s][A

105it [01:36,  2.55it/s][A

106it [01:37,  2.55it/s][A

107it [01:37,  2.55it/s][A

108it [01:38,  2.55it/s][A

109it [01:38,  2.55it/s][A

110it [01:38,  2.55it/s][A

111it [01:39,  2.55it/s][A

112it [01:39,  2.55it/s][A

113it [01:40,  2.55it/s][A

114it [01:40,  2.55it/s][A

115it [01:40,  2.55it/s][A

116it [01:41,  2.55it/s][A

117it [01:41,  2.55it/s][A

118it [01:41,  2.55it/s][A

119it [01:42,  2.55it/s][A

120it [01:42,  2.55it/s][A

121it [01:43,  2.55it/s][A

122it [01:43,  2.55it/s][A

123it [01:43,  2.55it/s][A

124it [01:44,  2.55it/s][A

125it [01:44,  2.55it/s][A

126it [01:45,  2.55it/s][A

127it [01:45,  2.55it/s][A

128it [01:45,  2.55it/s][A
Epoch:  21%|â–ˆâ–ˆ        | 13/63 [03:50<13:46, 16.54s/it]
Epoch:  22%|â–ˆâ–ˆâ–       | 14/63 [03:57<11:02, 13.53s/it]
Epoch:  24%|â–ˆâ–ˆâ–       | 15/63 [04:03<09:08, 11.43s/it]
Epoch:  25%|â–ˆâ–ˆâ–Œ       | 16/63 [04:10<07:47,  9.95s/it]
Epoch:  27%|â–ˆâ–ˆâ–‹       | 17/63 [04:16<06:50,  8.92s/it]
Epoch:  29%|â–ˆâ–ˆâ–Š       | 18/63 [04:23<06:08,  8.20s/it]

129it [02:27, 12.61s/it][A

130it [02:27,  8.94s/it][A

131it [02:27,  6.38s/it][A

132it [02:28,  4.58s/it][A

133it [02:28,  3.32s/it][A

134it [02:28,  2.44s/it][A

135it [02:29,  1.83s/it][A

136it [02:29,  1.40s/it][A

137it [02:30,  1.10s/it][A

138it [02:30,  1.13it/s][A

139it [02:30,  1.36it/s][A

140it [02:31,  1.58it/s][A

141it [02:31,  1.78it/s][A

142it [02:32,  1.96it/s][A

143it [02:32,  2.11it/s][A

144it [02:32,  2.23it/s][A

145it [02:33,  2.31it/s][A

146it [02:33,  2.38it/s][A

147it [02:34,  2.43it/s][A

148it [02:34,  2.47it/s][A

149it [02:34,  2.49it/s][A

150it [02:35,  2.51it/s][A

151it [02:35,  2.52it/s][A

152it [02:36,  2.53it/s][A

153it [02:36,  2.54it/s][A

154it [02:36,  2.54it/s][A

155it [02:37,  2.55it/s][A

156it [02:37,  2.55it/s][A

157it [02:37,  2.55it/s][A

158it [02:38,  2.55it/s][A

159it [02:38,  2.55it/s][A

160it [02:39,  2.55it/s][A

161it [02:39,  2.55it/s][A

162it [02:39,  2.55it/s][A

163it [02:40,  2.55it/s][A

164it [02:40,  2.55it/s][A

165it [02:41,  2.55it/s][A

166it [02:41,  2.55it/s][A

167it [02:41,  2.55it/s][A

168it [02:42,  2.55it/s][A

169it [02:42,  2.55it/s][A

170it [02:43,  2.55it/s][A

171it [02:43,  2.55it/s][A

172it [02:43,  2.55it/s][A

173it [02:44,  2.55it/s][A

174it [02:44,  2.55it/s][A

175it [02:45,  2.55it/s][A

176it [02:45,  2.55it/s][A

177it [02:45,  2.55it/s][A

178it [02:46,  2.55it/s][A

179it [02:46,  2.55it/s][A

180it [02:46,  2.55it/s][A

181it [02:47,  2.55it/s][A

182it [02:47,  2.55it/s][A

183it [02:48,  2.55it/s][A

184it [02:48,  2.55it/s][A

185it [02:48,  2.55it/s][A

186it [02:49,  2.55it/s][A

187it [02:49,  2.55it/s][A

188it [02:50,  2.55it/s][A

189it [02:50,  2.55it/s][A

190it [02:50,  2.55it/s][A

191it [02:51,  2.55it/s][A

192it [02:51,  2.55it/s][A
Epoch:  30%|â–ˆâ–ˆâ–ˆ       | 19/63 [04:54<11:09, 15.21s/it]
Epoch:  32%|â–ˆâ–ˆâ–ˆâ–      | 20/63 [05:01<09:01, 12.60s/it]
Epoch:  33%|â–ˆâ–ˆâ–ˆâ–Ž      | 21/63 [05:08<07:32, 10.78s/it]
Epoch:  35%|â–ˆâ–ˆâ–ˆâ–      | 22/63 [05:14<06:29,  9.50s/it]
Epoch:  37%|â–ˆâ–ˆâ–ˆâ–‹      | 23/63 [05:21<05:44,  8.60s/it]
Epoch:  38%|â–ˆâ–ˆâ–ˆâ–Š      | 24/63 [05:27<05:11,  7.98s/it]

193it [03:32, 12.61s/it][A

194it [03:33,  8.94s/it][A

195it [03:33,  6.38s/it][A

196it [03:33,  4.58s/it][A

197it [03:34,  3.33s/it][A

198it [03:34,  2.44s/it][A

199it [03:35,  1.83s/it][A

200it [03:35,  1.40s/it][A

201it [03:35,  1.10s/it][A

202it [03:36,  1.13it/s][A

203it [03:36,  1.36it/s][A

204it [03:37,  1.58it/s][A

205it [03:37,  1.78it/s][A

206it [03:37,  1.96it/s][A

207it [03:38,  2.11it/s][A

208it [03:38,  2.23it/s][A

209it [03:39,  2.31it/s][A

210it [03:39,  2.38it/s][A

211it [03:39,  2.43it/s][A

212it [03:40,  2.47it/s][A

213it [03:40,  2.49it/s][A

214it [03:41,  2.51it/s][A

215it [03:41,  2.52it/s][A

216it [03:41,  2.53it/s][A

217it [03:42,  2.54it/s][A

218it [03:42,  2.54it/s][A

219it [03:42,  2.55it/s][A

220it [03:43,  2.55it/s][A

221it [03:43,  2.55it/s][A

222it [03:44,  2.55it/s][A

223it [03:44,  2.55it/s][A

224it [03:44,  2.55it/s][A

225it [03:45,  2.55it/s][A

226it [03:45,  2.55it/s][A

227it [03:46,  2.55it/s][A

228it [03:46,  2.55it/s][A

229it [03:46,  2.55it/s][A

230it [03:47,  2.55it/s][A

231it [03:47,  2.55it/s][A

232it [03:48,  2.55it/s][A

233it [03:48,  2.55it/s][A

234it [03:48,  2.55it/s][A

235it [03:49,  2.55it/s][A

236it [03:49,  2.55it/s][A

237it [03:50,  2.55it/s][A

238it [03:50,  2.55it/s][A

239it [03:50,  2.55it/s][A

240it [03:51,  2.55it/s][A

241it [03:51,  2.55it/s][A

242it [03:51,  2.55it/s][A

243it [03:52,  2.55it/s][A

244it [03:52,  2.55it/s][A

245it [03:53,  2.55it/s][A

246it [03:53,  2.55it/s][A

247it [03:53,  2.55it/s][A

248it [03:54,  2.55it/s][A

249it [03:54,  2.55it/s][A

250it [03:55,  2.55it/s][A

251it [03:55,  2.55it/s][A

252it [03:55,  2.55it/s][A

253it [03:56,  2.55it/s][A

254it [03:56,  2.55it/s][A

255it [03:57,  2.55it/s][A

256it [03:57,  2.55it/s][A
Epoch:  40%|â–ˆâ–ˆâ–ˆâ–‰      | 25/63 [05:59<09:32, 15.05s/it]
Epoch:  41%|â–ˆâ–ˆâ–ˆâ–ˆâ–     | 26/63 [06:05<07:42, 12.49s/it]
Epoch:  43%|â–ˆâ–ˆâ–ˆâ–ˆâ–Ž     | 27/63 [06:12<06:25, 10.70s/it]
Epoch:  44%|â–ˆâ–ˆâ–ˆâ–ˆâ–     | 28/63 [06:18<05:30,  9.44s/it]
Epoch:  46%|â–ˆâ–ˆâ–ˆâ–ˆâ–Œ     | 29/63 [06:25<04:51,  8.57s/it]
Epoch:  48%|â–ˆâ–ˆâ–ˆâ–ˆâ–Š     | 30/63 [06:31<04:22,  7.95s/it]
Epoch:  49%|â–ˆâ–ˆâ–ˆâ–ˆâ–‰     | 31/63 [06:38<04:00,  7.52s/it]

257it [04:38, 12.61s/it][A

258it [04:38,  8.94s/it][A

259it [04:39,  6.38s/it][A

260it [04:39,  4.58s/it][A

261it [04:40,  3.32s/it][A

262it [04:40,  2.44s/it][A

263it [04:40,  1.83s/it][A

264it [04:41,  1.40s/it][A

265it [04:41,  1.10s/it][A

266it [04:42,  1.13it/s][A

267it [04:42,  1.36it/s][A

268it [04:42,  1.58it/s][A

269it [04:43,  1.78it/s][A

270it [04:43,  1.96it/s][A

271it [04:44,  2.11it/s][A

272it [04:44,  2.23it/s][A

273it [04:44,  2.31it/s][A

274it [04:45,  2.38it/s][A

275it [04:45,  2.43it/s][A

276it [04:45,  2.47it/s][A

277it [04:46,  2.49it/s][A

278it [04:46,  2.51it/s][A

279it [04:47,  2.52it/s][A

280it [04:47,  2.53it/s][A

281it [04:47,  2.54it/s][A

282it [04:48,  2.54it/s][A

283it [04:48,  2.55it/s][A

284it [04:49,  2.55it/s][A

285it [04:49,  2.55it/s][A

286it [04:49,  2.55it/s][A

287it [04:50,  2.55it/s][A

288it [04:50,  2.55it/s][A

289it [04:51,  2.55it/s][A

290it [04:51,  2.55it/s][A

291it [04:51,  2.55it/s][A

292it [04:52,  2.55it/s][A

293it [04:52,  2.55it/s][A

294it [04:53,  2.55it/s][A

295it [04:53,  2.55it/s][A

296it [04:53,  2.55it/s][A

297it [04:54,  2.55it/s][A

298it [04:54,  2.55it/s][A

299it [04:55,  2.55it/s][A

300it [04:55,  2.55it/s][A

301it [04:55,  2.55it/s][A

302it [04:56,  2.55it/s][A

303it [04:56,  2.55it/s][A

304it [04:56,  2.55it/s][A

305it [04:57,  2.55it/s][A

306it [04:57,  2.55it/s][A

307it [04:58,  2.55it/s][A

308it [04:58,  2.55it/s][A

309it [04:58,  2.55it/s][A

310it [04:59,  2.55it/s][A

311it [04:59,  2.55it/s][A

312it [05:00,  2.55it/s][A

313it [05:00,  2.55it/s][A

314it [05:00,  2.55it/s][A

315it [05:01,  2.55it/s][A

316it [05:01,  2.55it/s][A

317it [05:02,  2.55it/s][A

318it [05:02,  2.55it/s][A

319it [05:02,  2.55it/s][A

320it [05:03,  2.55it/s][A
Epoch:  51%|â–ˆâ–ˆâ–ˆâ–ˆâ–ˆ     | 32/63 [07:09<07:36, 14.73s/it]
Epoch:  52%|â–ˆâ–ˆâ–ˆâ–ˆâ–ˆâ–    | 33/63 [07:16<06:08, 12.27s/it]
Epoch:  54%|â–ˆâ–ˆâ–ˆâ–ˆâ–ˆâ–    | 34/63 [07:22<05:05, 10.54s/it]
Epoch:  56%|â–ˆâ–ˆâ–ˆâ–ˆâ–ˆâ–Œ    | 35/63 [07:29<04:21,  9.34s/it]
Epoch:  57%|â–ˆâ–ˆâ–ˆâ–ˆâ–ˆâ–‹    | 36/63 [07:35<03:49,  8.49s/it]
Epoch:  59%|â–ˆâ–ˆâ–ˆâ–ˆâ–ˆâ–Š    | 37/63 [07:42<03:25,  7.90s/it]

321it [05:44, 12.61s/it][A

322it [05:44,  8.94s/it][A

323it [05:45,  6.38s/it][A

324it [05:45,  4.58s/it][A

325it [05:45,  3.32s/it][A

326it [05:46,  2.44s/it][A

327it [05:46,  1.83s/it][A

328it [05:47,  1.40s/it][A

329it [05:47,  1.10s/it][A

330it [05:47,  1.13it/s][A

331it [05:48,  1.36it/s][A

332it [05:48,  1.58it/s][A

333it [05:49,  1.78it/s][A

334it [05:49,  1.96it/s][A

335it [05:49,  2.11it/s][A

336it [05:50,  2.23it/s][A

337it [05:50,  2.31it/s][A

338it [05:50,  2.38it/s][A

339it [05:51,  2.43it/s][A

340it [05:51,  2.47it/s][A

341it [05:52,  2.49it/s][A

342it [05:52,  2.51it/s][A

343it [05:52,  2.52it/s][A

344it [05:53,  2.53it/s][A

345it [05:53,  2.54it/s][A

346it [05:54,  2.54it/s][A

347it [05:54,  2.55it/s][A

348it [05:54,  2.55it/s][A

349it [05:55,  2.55it/s][A

350it [05:55,  2.55it/s][A

351it [05:56,  2.55it/s][A

352it [05:56,  2.55it/s][A

353it [05:56,  2.55it/s][A

354it [05:57,  2.55it/s][A

355it [05:57,  2.55it/s][A

356it [05:58,  2.55it/s][A

357it [05:58,  2.55it/s][A

358it [05:58,  2.55it/s][A

359it [05:59,  2.55it/s][A

360it [05:59,  2.55it/s][A

361it [05:59,  2.55it/s][A

362it [06:00,  2.55it/s][A

363it [06:00,  2.55it/s][A

364it [06:01,  2.55it/s][A

365it [06:01,  2.55it/s][A

366it [06:01,  2.55it/s][A

367it [06:02,  2.55it/s][A

368it [06:02,  2.55it/s][A

369it [06:03,  2.55it/s][A

370it [06:03,  2.55it/s][A

371it [06:03,  2.55it/s][A

372it [06:04,  2.55it/s][A

373it [06:04,  2.55it/s][A

374it [06:05,  2.55it/s][A

375it [06:05,  2.55it/s][A

376it [06:05,  2.55it/s][A

377it [06:06,  2.55it/s][A

378it [06:06,  2.55it/s][A

379it [06:07,  2.55it/s][A

380it [06:07,  2.55it/s][A

381it [06:07,  2.55it/s][A

382it [06:08,  2.55it/s][A

383it [06:08,  2.55it/s][A

384it [06:08,  2.55it/s][A
Epoch:  60%|â–ˆâ–ˆâ–ˆâ–ˆâ–ˆâ–ˆ    | 38/63 [08:13<06:14, 15.00s/it]
Epoch:  62%|â–ˆâ–ˆâ–ˆâ–ˆâ–ˆâ–ˆâ–   | 39/63 [08:20<04:58, 12.45s/it]
Epoch:  63%|â–ˆâ–ˆâ–ˆâ–ˆâ–ˆâ–ˆâ–Ž   | 40/63 [08:26<04:05, 10.67s/it]
Epoch:  65%|â–ˆâ–ˆâ–ˆâ–ˆâ–ˆâ–ˆâ–Œ   | 41/63 [08:33<03:27,  9.43s/it]
Epoch:  67%|â–ˆâ–ˆâ–ˆâ–ˆâ–ˆâ–ˆâ–‹   | 42/63 [08:40<02:59,  8.55s/it]
Epoch:  68%|â–ˆâ–ˆâ–ˆâ–ˆâ–ˆâ–ˆâ–Š   | 43/63 [08:46<02:38,  7.94s/it]

385it [06:50, 12.61s/it][A

386it [06:50,  8.94s/it][A

387it [06:50,  6.38s/it][A

388it [06:51,  4.58s/it][A

389it [06:51,  3.32s/it][A

390it [06:52,  2.44s/it][A

391it [06:52,  1.83s/it][A

392it [06:52,  1.40s/it][A

393it [06:53,  1.10s/it][A

394it [06:53,  1.13it/s][A

395it [06:54,  1.36it/s][A

396it [06:54,  1.58it/s][A

397it [06:54,  1.78it/s][A

398it [06:55,  1.96it/s][A

399it [06:55,  2.11it/s][A

400it [06:55,  2.23it/s][A

401it [06:56,  2.31it/s][A

402it [06:56,  2.38it/s][A

403it [06:57,  2.43it/s][A

404it [06:57,  2.47it/s][A

405it [06:57,  2.49it/s][A

406it [06:58,  2.51it/s][A

407it [06:58,  2.52it/s][A

408it [06:59,  2.53it/s][A

409it [06:59,  2.54it/s][A

410it [06:59,  2.54it/s][A

411it [07:00,  2.55it/s][A

412it [07:00,  2.55it/s][A

413it [07:01,  2.55it/s][A

414it [07:01,  2.55it/s][A

415it [07:01,  2.55it/s][A

416it [07:02,  2.55it/s][A

417it [07:02,  2.55it/s][A

418it [07:03,  2.55it/s][A

419it [07:03,  2.55it/s][A

420it [07:03,  2.55it/s][A

421it [07:04,  2.55it/s][A

422it [07:04,  2.55it/s][A

423it [07:04,  2.55it/s][A

424it [07:05,  2.55it/s][A

425it [07:05,  2.55it/s][A

426it [07:06,  2.55it/s][A

427it [07:06,  2.55it/s][A

428it [07:06,  2.55it/s][A

429it [07:07,  2.55it/s][A

430it [07:07,  2.55it/s][A

431it [07:08,  2.55it/s][A

432it [07:08,  2.55it/s][A

433it [07:08,  2.55it/s][A

434it [07:09,  2.55it/s][A

435it [07:09,  2.55it/s][A

436it [07:10,  2.55it/s][A

437it [07:10,  2.55it/s][A

438it [07:10,  2.55it/s][A

439it [07:11,  2.55it/s][A

440it [07:11,  2.55it/s][A

441it [07:12,  2.55it/s][A

442it [07:12,  2.55it/s][A

443it [07:12,  2.55it/s][A

444it [07:13,  2.55it/s][A

445it [07:13,  2.55it/s][A

446it [07:13,  2.55it/s][A

447it [07:14,  2.55it/s][A

448it [07:14,  2.55it/s][A
Epoch:  70%|â–ˆâ–ˆâ–ˆâ–ˆâ–ˆâ–ˆâ–‰   | 44/63 [09:18<04:45, 15.03s/it]
Epoch:  71%|â–ˆâ–ˆâ–ˆâ–ˆâ–ˆâ–ˆâ–ˆâ–  | 45/63 [09:24<03:44, 12.48s/it]
Epoch:  73%|â–ˆâ–ˆâ–ˆâ–ˆâ–ˆâ–ˆâ–ˆâ–Ž  | 46/63 [09:31<03:01, 10.69s/it]
Epoch:  75%|â–ˆâ–ˆâ–ˆâ–ˆâ–ˆâ–ˆâ–ˆâ–  | 47/63 [09:37<02:30,  9.44s/it]
Epoch:  76%|â–ˆâ–ˆâ–ˆâ–ˆâ–ˆâ–ˆâ–ˆâ–Œ  | 48/63 [09:44<02:08,  8.56s/it]
Epoch:  78%|â–ˆâ–ˆâ–ˆâ–ˆâ–ˆâ–ˆâ–ˆâ–Š  | 49/63 [09:50<01:51,  7.95s/it]

449it [07:55, 12.61s/it][A

450it [07:56,  8.95s/it][A

451it [07:56,  6.38s/it][A

452it [07:57,  4.58s/it][A

453it [07:57,  3.33s/it][A

454it [07:57,  2.45s/it][A

455it [07:58,  1.83s/it][A

456it [07:58,  1.40s/it][A

457it [07:59,  1.10s/it][A

458it [07:59,  1.13it/s][A

459it [07:59,  1.36it/s][A

460it [08:00,  1.58it/s][A

461it [08:00,  1.78it/s][A

462it [08:00,  1.96it/s][A

463it [08:01,  2.11it/s][A

464it [08:01,  2.23it/s][A

465it [08:02,  2.31it/s][A

466it [08:02,  2.38it/s][A

467it [08:02,  2.43it/s][A

468it [08:03,  2.47it/s][A

469it [08:03,  2.49it/s][A

470it [08:04,  2.51it/s][A

471it [08:04,  2.52it/s][A

472it [08:04,  2.53it/s][A

473it [08:05,  2.54it/s][A

474it [08:05,  2.54it/s][A

475it [08:06,  2.55it/s][A

476it [08:06,  2.55it/s][A

477it [08:06,  2.55it/s][A

478it [08:07,  2.55it/s][A

479it [08:07,  2.55it/s][A

480it [08:08,  2.55it/s][A

481it [08:08,  2.55it/s][A

482it [08:08,  2.55it/s][A

483it [08:09,  2.55it/s][A

484it [08:09,  2.55it/s][A

485it [08:09,  2.55it/s][A

486it [08:10,  2.55it/s][A

487it [08:10,  2.55it/s][A

488it [08:11,  2.55it/s][A

489it [08:11,  2.55it/s][A

490it [08:11,  2.55it/s][A

491it [08:12,  2.55it/s][A

492it [08:12,  2.55it/s][A

493it [08:13,  2.55it/s][A

494it [08:13,  2.55it/s][A

495it [08:13,  2.55it/s][A

496it [08:14,  2.55it/s][A

497it [08:14,  2.55it/s][A

498it [08:15,  2.55it/s][A

499it [08:15,  2.55it/s][A

500it [08:15,  2.55it/s][A

501it [08:16,  2.55it/s][A

502it [08:16,  2.55it/s][A

503it [08:17,  2.55it/s][A

504it [08:17,  2.55it/s][A

505it [08:17,  2.55it/s][A

506it [08:18,  2.55it/s][A

507it [08:18,  2.55it/s][A

508it [08:18,  2.55it/s][A

509it [08:19,  2.55it/s][A

510it [08:19,  2.55it/s][A

511it [08:20,  2.55it/s][A

512it [08:20,  2.55it/s][A
Epoch:  79%|â–ˆâ–ˆâ–ˆâ–ˆâ–ˆâ–ˆâ–ˆâ–‰  | 50/63 [10:22<03:15, 15.03s/it]
Epoch:  81%|â–ˆâ–ˆâ–ˆâ–ˆâ–ˆâ–ˆâ–ˆâ–ˆ  | 51/63 [10:28<02:29, 12.50s/it]
Epoch:  83%|â–ˆâ–ˆâ–ˆâ–ˆâ–ˆâ–ˆâ–ˆâ–ˆâ–Ž | 52/63 [10:35<01:57, 10.70s/it]
Epoch:  84%|â–ˆâ–ˆâ–ˆâ–ˆâ–ˆâ–ˆâ–ˆâ–ˆâ– | 53/63 [10:41<01:34,  9.45s/it]
Epoch:  86%|â–ˆâ–ˆâ–ˆâ–ˆâ–ˆâ–ˆâ–ˆâ–ˆâ–Œ | 54/63 [10:48<01:17,  8.57s/it]
Epoch:  87%|â–ˆâ–ˆâ–ˆâ–ˆâ–ˆâ–ˆâ–ˆâ–ˆâ–‹ | 55/63 [10:54<01:03,  7.95s/it]
Epoch:  89%|â–ˆâ–ˆâ–ˆâ–ˆâ–ˆâ–ˆâ–ˆâ–ˆâ–‰ | 56/63 [11:01<00:52,  7.52s/it]

513it [09:01, 12.63s/it][A

514it [09:02,  8.96s/it][A

515it [09:02,  6.39s/it][A

516it [09:02,  4.59s/it][A

517it [09:03,  3.33s/it][A

518it [09:03,  2.45s/it][A

519it [09:04,  1.83s/it][A

520it [09:04,  1.40s/it][A

521it [09:04,  1.10s/it][A

522it [09:05,  1.13it/s][A

523it [09:05,  1.36it/s][A

524it [09:06,  1.58it/s][A

525it [09:06,  1.78it/s][A

526it [09:06,  1.96it/s][A

527it [09:07,  2.11it/s][A

528it [09:07,  2.22it/s][A

529it [09:08,  2.31it/s][A

530it [09:08,  2.38it/s][A

531it [09:08,  2.43it/s][A

532it [09:09,  2.47it/s][A

533it [09:09,  2.49it/s][A

534it [09:09,  2.51it/s][A

535it [09:10,  2.52it/s][A

536it [09:10,  2.53it/s][A

537it [09:11,  2.54it/s][A

538it [09:11,  2.54it/s][A

539it [09:11,  2.55it/s][A

540it [09:12,  2.55it/s][A

541it [09:12,  2.55it/s][A

542it [09:13,  2.55it/s][A

543it [09:13,  2.55it/s][A

544it [09:13,  2.55it/s][A

545it [09:14,  2.55it/s][A

546it [09:14,  2.55it/s][A

547it [09:15,  2.55it/s][A

548it [09:15,  2.55it/s][A

549it [09:15,  2.55it/s][A

550it [09:16,  2.55it/s][A

551it [09:16,  2.55it/s][A

552it [09:17,  2.55it/s][A

553it [09:17,  2.55it/s][A

554it [09:17,  2.55it/s][A

555it [09:18,  2.55it/s][A

556it [09:18,  2.55it/s][A

557it [09:18,  2.55it/s][A

558it [09:19,  2.55it/s][A

559it [09:19,  2.55it/s][A

560it [09:20,  2.55it/s][A

561it [09:20,  2.55it/s][A

562it [09:20,  2.55it/s][A

563it [09:21,  2.55it/s][A

564it [09:21,  2.55it/s][A

565it [09:22,  2.55it/s][A

566it [09:22,  2.55it/s][A

567it [09:22,  2.55it/s][A

568it [09:23,  2.55it/s][A

569it [09:23,  2.55it/s][A

570it [09:24,  2.55it/s][A

571it [09:24,  2.55it/s][A

572it [09:24,  2.55it/s][A

573it [09:25,  2.55it/s][A

574it [09:25,  2.55it/s][A

575it [09:26,  2.55it/s][A

576it [09:26,  2.55it/s][A
Epoch:  90%|â–ˆâ–ˆâ–ˆâ–ˆâ–ˆâ–ˆâ–ˆâ–ˆâ–ˆ | 57/63 [11:32<01:28, 14.74s/it]
Epoch:  92%|â–ˆâ–ˆâ–ˆâ–ˆâ–ˆâ–ˆâ–ˆâ–ˆâ–ˆâ–| 58/63 [11:39<01:01, 12.27s/it]
Epoch:  94%|â–ˆâ–ˆâ–ˆâ–ˆâ–ˆâ–ˆâ–ˆâ–ˆâ–ˆâ–Ž| 59/63 [11:46<00:42, 10.54s/it]
Epoch:  95%|â–ˆâ–ˆâ–ˆâ–ˆâ–ˆâ–ˆâ–ˆâ–ˆâ–ˆâ–Œ| 60/63 [11:52<00:28,  9.34s/it]
Epoch:  97%|â–ˆâ–ˆâ–ˆâ–ˆâ–ˆâ–ˆâ–ˆâ–ˆâ–ˆâ–‹| 61/63 [11:59<00:16,  8.49s/it]
Epoch:  98%|â–ˆâ–ˆâ–ˆâ–ˆâ–ˆâ–ˆâ–ˆâ–ˆâ–ˆâ–Š| 62/63 [12:05<00:07,  7.90s/it]

577it [10:07, 12.61s/it][A

578it [10:07,  8.95s/it][A

579it [10:08,  6.38s/it][A

580it [10:08,  4.58s/it][A

581it [10:09,  3.33s/it][A

582it [10:09,  2.45s/it][A

583it [10:09,  1.83s/it][A

584it [10:10,  1.40s/it][A

585it [10:10,  1.10s/it][A

586it [10:11,  1.13it/s][A

587it [10:11,  1.36it/s][A

588it [10:11,  1.58it/s][A

589it [10:12,  1.78it/s][A

590it [10:12,  1.96it/s][A

591it [10:13,  2.11it/s][A

592it [10:13,  2.23it/s][A

593it [10:13,  2.31it/s][A

594it [10:14,  2.38it/s][A

595it [10:14,  2.43it/s][A

596it [10:14,  2.47it/s][A

597it [10:15,  2.49it/s][A

598it [10:15,  2.51it/s][A

599it [10:16,  2.52it/s][A

600it [10:16,  2.53it/s][A

601it [10:16,  2.54it/s][A

602it [10:17,  2.54it/s][A

603it [10:17,  2.55it/s][A

604it [10:18,  2.55it/s][A

605it [10:18,  2.55it/s][A

606it [10:18,  2.55it/s][A

607it [10:19,  2.55it/s][A

608it [10:19,  2.55it/s][A

609it [10:20,  2.55it/s][A

610it [10:20,  2.55it/s][A

611it [10:20,  2.55it/s][A

612it [10:21,  2.55it/s][A

613it [10:21,  2.55it/s][A

614it [10:22,  2.55it/s][A

615it [10:22,  2.55it/s][A

616it [10:22,  2.55it/s][A

617it [10:23,  2.55it/s][A

618it [10:23,  2.55it/s][A

619it [10:23,  2.55it/s][A

620it [10:24,  2.55it/s][A

621it [10:24,  2.55it/s][A

622it [10:25,  2.55it/s][A

623it [10:25,  2.55it/s][A

624it [10:25,  2.55it/s][A

625it [10:26,  2.55it/s][A

626it [10:26,  2.55it/s][A

627it [10:27,  2.55it/s][A

628it [10:27,  2.55it/s][A

629it [10:27,  2.55it/s][A

630it [10:28,  2.55it/s][A

631it [10:28,  2.55it/s][A

632it [10:29,  2.55it/s][A

633it [10:29,  2.55it/s][A

634it [10:29,  2.55it/s][A

635it [10:30,  2.55it/s][A

636it [10:30,  2.55it/s][A

637it [10:31,  2.55it/s][A

638it [10:31,  2.55it/s][A

639it [10:31,  2.55it/s][A

640it [10:32,  2.55it/s][A
Epoch:  98%|â–ˆâ–ˆâ–ˆâ–ˆâ–ˆâ–ˆâ–ˆâ–ˆâ–ˆâ–Š| 62/63 [12:34<00:12, 12.17s/it]
04/17/2021 15:07:02 - INFO - src.trainer -   

Training completed. Do not forget to share your model on huggingface.co/models =)


/home/mahan/shared/.conda/envs/kg/lib/python3.7/site-packages/transformers/trainer.py:1118: FutureWarning: This method is deprecated, use `Trainer.is_world_process_zero()` instead.
  warnings.warn("This method is deprecated, use `Trainer.is_world_process_zero()` instead.", FutureWarning)
Traceback (most recent call last):
  File "/home/mahan/shared/LM-BFF/run.py", line 628, in <module>
    main()
  File "/home/mahan/shared/LM-BFF/run.py", line 543, in main
    model = model.to(training_args.device)
  File "/home/mahan/shared/.conda/envs/kg/lib/python3.7/site-packages/torch/nn/modules/module.py", line 673, in to
    return self._apply(convert)
  File "/home/mahan/shared/.conda/envs/kg/lib/python3.7/site-packages/torch/nn/modules/module.py", line 387, in _apply
    module._apply(fn)
  File "/home/mahan/shared/.conda/envs/kg/lib/python3.7/site-packages/torch/nn/modules/module.py", line 387, in _apply
    module._apply(fn)
  File "/home/mahan/shared/.conda/envs/kg/lib/python3.7/site-packages/torch/nn/modules/module.py", line 387, in _apply
    module._apply(fn)
  [Previous line repeated 3 more times]
  File "/home/mahan/shared/.conda/envs/kg/lib/python3.7/site-packages/torch/nn/modules/module.py", line 409, in _apply
    param_applied = fn(param)
  File "/home/mahan/shared/.conda/envs/kg/lib/python3.7/site-packages/torch/nn/modules/module.py", line 671, in convert
    return t.to(device, dtype if t.is_floating_point() or t.is_complex() else None, non_blocking)
RuntimeError: CUDA out of memory. Tried to allocate 16.00 MiB (GPU 0; 7.80 GiB total capacity; 7.09 GiB already allocated; 16.56 MiB free; 7.15 GiB reserved in total by PyTorch)

640it [10:40,  1.00s/it]